total 0
crw-r--r--   1 root root     10, 235 11月  8 11:48 autofs
drwxr-xr-x   2 root root         560 11月  8 11:48 block
drwxr-xr-x   2 root root          80 11月  8 11:48 bsg
crw-------   1 root root     10, 234 11月  8 11:48 btrfs-control
drwxr-xr-x   3 root root          60 11月  8 11:48 bus
lrwxrwxrwx   1 root root           3 11月  8 11:48 cdrom -> sr0
lrwxrwxrwx   1 root root           3 11月  8 11:48 cdrw -> sr0
drwxr-xr-x   2 root root        4000 11月  8 14:18 char
crw--w----   1 root tty       5,   1 11月  8 11:48 console
lrwxrwxrwx   1 root root          11 11月  8 11:48 core -> /proc/kcore
drwxr-xr-x  14 root root         280 11月  8 11:48 cpu
crw-------   1 root root     10, 124 11月  8 11:48 cpu_dma_latency
crw-------   1 root root     10, 203 11月  8 11:48 cuse
drwxr-xr-x   6 root root         120 11月  8 11:48 disk
drwxr-xr-x   2 root root          60 11月  8 11:48 dma_heap
crw-rw----+  1 root audio    14,   9 11月  8 11:48 dmmidi
drwxr-xr-x   3 root root         100 11月  8 11:48 dri
lrwxrwxrwx   1 root root           3 11月  8 11:48 dvd -> sr0
crw-------   1 root root     10, 126 11月  8 11:48 ecryptfs
crw-rw----   1 root video    29,   0 11月  8 11:48 fb0
lrwxrwxrwx   1 root root          13 11月  8 11:48 fd -> /proc/self/fd
crw-rw-rw-   1 root root      1,   7 11月  8 11:48 full
crw-rw-rw-   1 root root     10, 229 11月  8 11:48 fuse
crw-------   1 root root    240,   0 11月  8 11:48 hidraw0
crw-------   1 root root     10, 228 11月  8 11:48 hpet
drwxr-xr-x   2 root root           0 11月  8 11:48 hugepages
crw-------   1 root root     10, 183 11月  8 11:48 hwrng
lrwxrwxrwx   1 root root          12 11月  8 11:48 initctl -> /run/initctl
drwxr-xr-x   4 root root         260 11月  8 11:48 input
crw-r--r--   1 root root      1,  11 11月  8 11:48 kmsg
lrwxrwxrwx   1 root root          28 11月  8 11:48 log -> /run/systemd/journal/dev-log
brw-rw----   1 root disk      7,   0 11月  8 11:48 loop0
brw-rw----   1 root disk      7,   1 11月  8 11:48 loop1
brw-rw----   1 root disk      7,  10 11月  8 11:48 loop10
brw-rw----   1 root disk      7,  11 11月  8 11:48 loop11
brw-rw----   1 root disk      7,  12 11月  8 11:48 loop12
brw-rw----   1 root disk      7,  13 11月  8 11:48 loop13
brw-rw----   1 root disk      7,  14 11月  8 11:48 loop14
brw-rw----   1 root disk      7,  15 11月  8 11:48 loop15
brw-rw----   1 root disk      7,  16 11月  8 11:48 loop16
brw-rw----   1 root disk      7,  17 11月  8 11:48 loop17
brw-rw----   1 root disk      7,  18 11月  8 11:48 loop18
brw-rw----   1 root disk      7,  19 11月  8 11:48 loop19
brw-rw----   1 root disk      7,   2 11月  8 11:48 loop2
brw-rw----   1 root disk      7,  20 11月  8 11:48 loop20
brw-rw----   1 root disk      7,   3 11月  8 11:48 loop3
brw-rw----   1 root disk      7,   4 11月  8 11:48 loop4
brw-rw----   1 root disk      7,   5 11月  8 11:48 loop5
brw-rw----   1 root disk      7,   6 11月  8 11:48 loop6
brw-rw----   1 root disk      7,   7 11月  8 11:48 loop7
brw-rw----   1 root disk      7,   8 11月  8 11:48 loop8
brw-rw----   1 root disk      7,   9 11月  8 11:48 loop9
crw-rw----   1 root disk     10, 237 11月  8 11:48 loop-control
drwxr-xr-x   2 root root          60 11月  8 11:48 mapper
crw-------   1 root root     10, 227 11月  8 11:48 mcelog
crw-r-----   1 root kmem      1,   1 11月  8 11:48 mem
crw-rw----+  1 root audio    14,   2 11月  8 11:48 midi
drwxrwxrwt   2 root root          40 11月  8 11:48 mqueue
drwxr-xr-x   2 root root          60 11月  8 11:48 net
crw-rw-rw-   1 root root     10, 118 11月  8 14:18 next_dev
crw-rw-rw-   1 root root      1,   3 11月  8 11:48 null
crw-------   1 root root     10, 144 11月  8 11:48 nvram
crw-r-----   1 root kmem      1,   4 11月  8 11:48 port
crw-------   1 root root    108,   0 11月  8 11:48 ppp
crw-------   1 root root     10,   1 11月  8 11:48 psaux
crw-rw-rw-   1 root tty       5,   2 11月  8 14:20 ptmx
drwxr-xr-x   2 root root           0 11月  8 11:48 pts
crw-rw-rw-   1 root root      1,   8 11月  8 11:48 random
crw-rw-r--+  1 root root     10, 242 11月  8 11:48 rfkill
lrwxrwxrwx   1 root root           4 11月  8 11:48 rtc -> rtc0
crw-------   1 root root    248,   0 11月  8 11:48 rtc0
brw-rw----   1 root disk      8,   0 11月  8 11:48 sda
brw-rw----   1 root disk      8,   1 11月  8 11:48 sda1
brw-rw----   1 root disk      8,   2 11月  8 11:48 sda2
brw-rw----   1 root disk      8,   5 11月  8 11:48 sda5
crw-rw----+  1 root cdrom    21,   0 11月  8 11:48 sg0
crw-rw----   1 root disk     21,   1 11月  8 11:48 sg1
drwxrwxrwt   2 root root          40 11月  8 14:20 shm
crw-------   1 root root     10, 231 11月  8 11:48 snapshot
drwxr-xr-x   3 root root         200 11月  8 11:48 snd
brw-rw----+  1 root cdrom    11,   0 11月  8 11:48 sr0
lrwxrwxrwx   1 root root          15 11月  8 11:48 stderr -> /proc/self/fd/2
lrwxrwxrwx   1 root root          15 11月  8 11:48 stdin -> /proc/self/fd/0
lrwxrwxrwx   1 root root          15 11月  8 11:48 stdout -> /proc/self/fd/1
crw-rw-rw-   1 root root     10, 119 11月  8 14:05 test_dev
crw-rw-rw-   1 root tty       5,   0 11月  8 13:54 tty
crw--w----   1 root tty       4,   0 11月  8 11:48 tty0
crw--w----   1 root tty       4,   1 11月  8 11:48 tty1
crw--w----   1 root tty       4,  10 11月  8 11:48 tty10
crw--w----   1 root tty       4,  11 11月  8 11:48 tty11
crw--w----   1 root tty       4,  12 11月  8 11:48 tty12
crw--w----   1 root tty       4,  13 11月  8 11:48 tty13
crw--w----   1 root tty       4,  14 11月  8 11:48 tty14
crw--w----   1 root tty       4,  15 11月  8 11:48 tty15
crw--w----   1 root tty       4,  16 11月  8 11:48 tty16
crw--w----   1 root tty       4,  17 11月  8 11:48 tty17
crw--w----   1 root tty       4,  18 11月  8 11:48 tty18
crw--w----   1 root tty       4,  19 11月  8 11:48 tty19
crw--w----   1 ra   tty       4,   2 11月  8 11:48 tty2
crw--w----   1 root tty       4,  20 11月  8 11:48 tty20
crw--w----   1 root tty       4,  21 11月  8 11:48 tty21
crw--w----   1 root tty       4,  22 11月  8 11:48 tty22
crw--w----   1 root tty       4,  23 11月  8 11:48 tty23
crw--w----   1 root tty       4,  24 11月  8 11:48 tty24
crw--w----   1 root tty       4,  25 11月  8 11:48 tty25
crw--w----   1 root tty       4,  26 11月  8 11:48 tty26
crw--w----   1 root tty       4,  27 11月  8 11:48 tty27
crw--w----   1 root tty       4,  28 11月  8 11:48 tty28
crw--w----   1 root tty       4,  29 11月  8 11:48 tty29
crw--w----   1 root tty       4,   3 11月  8 11:48 tty3
crw--w----   1 root tty       4,  30 11月  8 11:48 tty30
crw--w----   1 root tty       4,  31 11月  8 11:48 tty31
crw--w----   1 root tty       4,  32 11月  8 11:48 tty32
crw--w----   1 root tty       4,  33 11月  8 11:48 tty33
crw--w----   1 root tty       4,  34 11月  8 11:48 tty34
crw--w----   1 root tty       4,  35 11月  8 11:48 tty35
crw--w----   1 root tty       4,  36 11月  8 11:48 tty36
crw--w----   1 root tty       4,  37 11月  8 11:48 tty37
crw--w----   1 root tty       4,  38 11月  8 11:48 tty38
crw--w----   1 root tty       4,  39 11月  8 11:48 tty39
crw--w----   1 root tty       4,   4 11月  8 11:48 tty4
crw--w----   1 root tty       4,  40 11月  8 11:48 tty40
crw--w----   1 root tty       4,  41 11月  8 11:48 tty41
crw--w----   1 root tty       4,  42 11月  8 11:48 tty42
crw--w----   1 root tty       4,  43 11月  8 11:48 tty43
crw--w----   1 root tty       4,  44 11月  8 11:48 tty44
crw--w----   1 root tty       4,  45 11月  8 11:48 tty45
crw--w----   1 root tty       4,  46 11月  8 11:48 tty46
crw--w----   1 root tty       4,  47 11月  8 11:48 tty47
crw--w----   1 root tty       4,  48 11月  8 11:48 tty48
crw--w----   1 root tty       4,  49 11月  8 11:48 tty49
crw--w----   1 root tty       4,   5 11月  8 11:48 tty5
crw--w----   1 root tty       4,  50 11月  8 11:48 tty50
crw--w----   1 root tty       4,  51 11月  8 11:48 tty51
crw--w----   1 root tty       4,  52 11月  8 11:48 tty52
crw--w----   1 root tty       4,  53 11月  8 11:48 tty53
crw--w----   1 root tty       4,  54 11月  8 11:48 tty54
crw--w----   1 root tty       4,  55 11月  8 11:48 tty55
crw--w----   1 root tty       4,  56 11月  8 11:48 tty56
crw--w----   1 root tty       4,  57 11月  8 11:48 tty57
crw--w----   1 root tty       4,  58 11月  8 11:48 tty58
crw--w----   1 root tty       4,  59 11月  8 11:48 tty59
crw--w----   1 root tty       4,   6 11月  8 11:48 tty6
crw--w----   1 root tty       4,  60 11月  8 11:48 tty60
crw--w----   1 root tty       4,  61 11月  8 11:48 tty61
crw--w----   1 root tty       4,  62 11月  8 11:48 tty62
crw--w----   1 root tty       4,  63 11月  8 11:48 tty63
crw--w----   1 root tty       4,   7 11月  8 11:48 tty7
crw--w----   1 root tty       4,   8 11月  8 11:48 tty8
crw--w----   1 root tty       4,   9 11月  8 11:48 tty9
crw-------   1 root root      5,   3 11月  8 11:48 ttyprintk
crw-rw----   1 root dialout   4,  64 11月  8 11:48 ttyS0
crw-rw----   1 root dialout   4,  65 11月  8 11:48 ttyS1
crw-rw----   1 root dialout   4,  74 11月  8 11:48 ttyS10
crw-rw----   1 root dialout   4,  75 11月  8 11:48 ttyS11
crw-rw----   1 root dialout   4,  76 11月  8 11:48 ttyS12
crw-rw----   1 root dialout   4,  77 11月  8 11:48 ttyS13
crw-rw----   1 root dialout   4,  78 11月  8 11:48 ttyS14
crw-rw----   1 root dialout   4,  79 11月  8 11:48 ttyS15
crw-rw----   1 root dialout   4,  80 11月  8 11:48 ttyS16
crw-rw----   1 root dialout   4,  81 11月  8 11:48 ttyS17
crw-rw----   1 root dialout   4,  82 11月  8 11:48 ttyS18
crw-rw----   1 root dialout   4,  83 11月  8 11:48 ttyS19
crw-rw----   1 root dialout   4,  66 11月  8 11:48 ttyS2
crw-rw----   1 root dialout   4,  84 11月  8 11:48 ttyS20
crw-rw----   1 root dialout   4,  85 11月  8 11:48 ttyS21
crw-rw----   1 root dialout   4,  86 11月  8 11:48 ttyS22
crw-rw----   1 root dialout   4,  87 11月  8 11:48 ttyS23
crw-rw----   1 root dialout   4,  88 11月  8 11:48 ttyS24
crw-rw----   1 root dialout   4,  89 11月  8 11:48 ttyS25
crw-rw----   1 root dialout   4,  90 11月  8 11:48 ttyS26
crw-rw----   1 root dialout   4,  91 11月  8 11:48 ttyS27
crw-rw----   1 root dialout   4,  92 11月  8 11:48 ttyS28
crw-rw----   1 root dialout   4,  93 11月  8 11:48 ttyS29
crw-rw----   1 root dialout   4,  67 11月  8 11:48 ttyS3
crw-rw----   1 root dialout   4,  94 11月  8 11:48 ttyS30
crw-rw----   1 root dialout   4,  95 11月  8 11:48 ttyS31
crw-rw----   1 root dialout   4,  68 11月  8 11:48 ttyS4
crw-rw----   1 root dialout   4,  69 11月  8 11:48 ttyS5
crw-rw----   1 root dialout   4,  70 11月  8 11:48 ttyS6
crw-rw----   1 root dialout   4,  71 11月  8 11:48 ttyS7
crw-rw----   1 root dialout   4,  72 11月  8 11:48 ttyS8
crw-rw----   1 root dialout   4,  73 11月  8 11:48 ttyS9
crw-rw----   1 root kvm      10, 125 11月  8 11:48 udmabuf
crw-------   1 root root     10, 239 11月  8 11:48 uhid
crw-------   1 root root     10, 223 11月  8 11:48 uinput
crw-rw-rw-   1 root root      1,   9 11月  8 11:48 urandom
crw-------   1 root root     10, 240 11月  8 11:48 userio
crw-rw----   1 root tty       7,   0 11月  8 11:48 vcs
crw-rw----   1 root tty       7,   1 11月  8 11:48 vcs1
crw-rw----   1 root tty       7,   2 11月  8 11:48 vcs2
crw-rw----   1 root tty       7,   3 11月  8 11:48 vcs3
crw-rw----   1 root tty       7,   4 11月  8 11:48 vcs4
crw-rw----   1 root tty       7,   5 11月  8 11:48 vcs5
crw-rw----   1 root tty       7,   6 11月  8 11:48 vcs6
crw-rw----   1 root tty       7, 128 11月  8 11:48 vcsa
crw-rw----   1 root tty       7, 129 11月  8 11:48 vcsa1
crw-rw----   1 root tty       7, 130 11月  8 11:48 vcsa2
crw-rw----   1 root tty       7, 131 11月  8 11:48 vcsa3
crw-rw----   1 root tty       7, 132 11月  8 11:48 vcsa4
crw-rw----   1 root tty       7, 133 11月  8 11:48 vcsa5
crw-rw----   1 root tty       7, 134 11月  8 11:48 vcsa6
crw-rw----   1 root tty       7,  64 11月  8 11:48 vcsu
crw-rw----   1 root tty       7,  65 11月  8 11:48 vcsu1
crw-rw----   1 root tty       7,  66 11月  8 11:48 vcsu2
crw-rw----   1 root tty       7,  67 11月  8 11:48 vcsu3
crw-rw----   1 root tty       7,  68 11月  8 11:48 vcsu4
crw-rw----   1 root tty       7,  69 11月  8 11:48 vcsu5
crw-rw----   1 root tty       7,  70 11月  8 11:48 vcsu6
drwxr-xr-x   2 root root          60 11月  8 11:48 vfio
crw-------   1 root root     10, 127 11月  8 11:48 vga_arbiter
crw-------   1 root root     10, 137 11月  8 11:48 vhci
crw-------   1 root root     10, 238 11月  8 11:48 vhost-net
crw-------   1 root root     10, 241 11月  8 11:48 vhost-vsock
crw-------   1 root root     10, 123 11月  8 11:48 vmci
crw-rw-rw-   1 root root     10, 122 11月  8 11:48 vsock
crw-rw-rw-   1 root root      1,   5 11月  8 11:48 zero
crw-------   1 root root     10, 249 11月  8 11:48 zfs
